\BOOKMARK [1][-]{section.1}{\376\377\000U\000v\000o\000d}{}% 1
\BOOKMARK [1][-]{section.2}{\376\377\000M\000a\000t\000e\000m\000a\000t\000i\001\015\000k\000o\000\040\000d\000o\000k\000a\000z\000i\000v\000a\000n\000j\000e}{}% 2
\BOOKMARK [1][-]{section.3}{\376\377\000G\000H\000C\000i\000\040\000D\000e\000b\000a\000g\000e\000r}{}% 3
\BOOKMARK [2][-]{subsection.3.1}{\376\377\000T\000a\001\015\000k\000e\000\040\000z\000a\000u\000s\000t\000a\000v\000l\000j\000a\000n\000j\000a\000\040\000i\000\040\000i\000n\000s\000p\000e\000k\000c\000i\000j\000a\000\040\000v\000a\000r\000i\000j\000a\000b\000l\000i}{section.3}% 4
\BOOKMARK [2][-]{subsection.3.2}{\376\377\000T\000r\000a\000c\000e}{section.3}% 5
\BOOKMARK [1][-]{section.4}{\376\377\000D\000e\000b\000a\000g\000o\000v\000a\000n\000j\000e\000\040\000k\000o\000r\000i\001\141\001\007\000e\000n\000j\000e\000m\000\040\000H\000e\000t\000a}{}% 6
\BOOKMARK [2][-]{subsection.4.1}{\376\377\000?\000?\000?}{section.4}% 7
\BOOKMARK [3][-]{subsubsection.4.1.1}{\376\377\000O\000s\000t\000a\000v\000l\000j\000a\000n\000j\000e\000\040\000t\000r\000a\000g\000a}{subsection.4.1}% 8
\BOOKMARK [3][-]{subsubsection.4.1.2}{\376\377\000P\000r\000e\000g\000l\000e\000d\000a\000n\000j\000e\000\040\000t\000r\000a\000g\000a}{subsection.4.1}% 9
\BOOKMARK [1][-]{section.5}{\376\377\000H\000O\000O\000D\000\040\000D\000e\000b\000a\000g\000e\000r}{}% 10
\BOOKMARK [2][-]{subsection.5.1}{\376\377\000P\000r\000i\000m\000e\000r\000i\000\040\000k\000o\000r\000i\001\141\001\007\000e\000n\000j\000a\000\040\000f\000u\000n\000k\000c\000i\000j\000e\000\040\000o\000b\000s\000e\000r\000v\000e}{section.5}% 11
\BOOKMARK [1][-]{section.6}{\376\377\000D\000e\000b\000a\000g\000o\000v\000a\000n\000j\000e\000\040\000k\000o\000r\000i\001\141\001\007\000e\000n\000j\000e\000m\000\040\000D\000e\000b\000u\000g\000\040\000b\000i\000b\000l\000i\000o\000t\000e\000k\000e}{}% 12
\BOOKMARK [2][-]{subsection.6.1}{\376\377\000M\000e\000t\000o\000d\000\040\0001\000.\000\040\000D\000i\000r\000e\000k\000t\000n\000o\000\040\000u\000b\000a\000c\000i\000v\000a\000n\000j\000e\000\040\000u\000\040\000p\000r\000o\000g\000r\000a\000m\000s\000k\000i\000\040\000k\000o\000d\000\040\000k\000a\000o\000\040\000f\000u\000n\000k\000c\000i\000j\000e}{section.6}% 13
\BOOKMARK [2][-]{subsection.6.2}{\376\377\000M\000e\000t\000o\000d\000\040\0002\000.\000\040\000d\000e\000b\000u\000g\000-\000p\000p}{section.6}% 14
\BOOKMARK [2][-]{subsection.6.3}{\376\377\000P\000r\000i\000m\000e\000n\000a\000\040\000d\000e\000b\000u\000g\000-\000a}{section.6}% 15
\BOOKMARK [1][-]{section.7}{\376\377\000E\000n\000g\000l\000e\000s\000k\000i\000\040\000t\000e\000r\000m\000i\000n\000i\000\040\000i\000\040\000c\000i\000t\000i\000r\000a\000n\000j\000e}{}% 16
\BOOKMARK [1][-]{section.8}{\376\377\000S\000l\000i\000k\000e\000\040\000i\000\040\000t\000a\000b\000e\000l\000e}{}% 17
\BOOKMARK [1][-]{section.9}{\376\377\000K\000\364\000d\000\040\000i\000\040\000p\000a\000k\000e\000t\000\040\000l\000i\000s\000t\000i\000n\000g\000s}{}% 18
\BOOKMARK [1][-]{section.10}{\376\377\000P\000r\000v\000i\000\040\000n\000a\000s\000l\000o\000v}{}% 19
\BOOKMARK [2][-]{subsection.10.1}{\376\377\000P\000r\000v\000i\000\040\000p\000o\000d\000n\000a\000s\000l\000o\000v}{section.10}% 20
\BOOKMARK [2][-]{subsection.10.2}{\376\377\000D\000r\000u\000g\000i\000\040\000p\000o\000d\000n\000a\000s\000l\000o\000v}{section.10}% 21
\BOOKMARK [2][-]{subsection.10.3}{\376\377\000.\000.\000.\000\040\000p\000o\000d\000n\000a\000s\000l\000o\000v}{section.10}% 22
\BOOKMARK [1][-]{section.11}{\376\377\000n\000-\000t\000i\000\040\000n\000a\000s\000l\000o\000v}{}% 23
\BOOKMARK [2][-]{subsection.11.1}{\376\377\000.\000.\000.\000\040\000p\000o\000d\000n\000a\000s\000l\000o\000v}{section.11}% 24
\BOOKMARK [2][-]{subsection.11.2}{\376\377\000.\000.\000.\000\040\000p\000o\000d\000n\000a\000s\000l\000o\000v}{section.11}% 25
\BOOKMARK [1][-]{section.12}{\376\377\000Z\000a\000k\000l\000j\000u\001\015\000a\000k}{}% 26
\BOOKMARK [1][-]{section.12}{\376\377\000L\000i\000t\000e\000r\000a\000t\000u\000r\000a}{}% 27
\BOOKMARK [1][-]{appendix.A}{\376\377\000D\000o\000d\000a\000t\000a\000k}{}% 28
